<?xml version="1.0" encoding="UTF-8"?>
<!-- Generated by org.testng.reporters.JUnitReportReporter -->
<testsuite hostname="DESKTOP-VBRUKDA" failures="0" tests="3" name="datadriven.exceldataprovider.datadriventestcase" time="0.032" errors="0" timestamp="2023-07-20T21:33:58 IST" skipped="0">
  <testcase classname="datadriven.exceldataprovider.datadriventestcase" name="testcasedata" time="0.010"/>
  <system-out/>
  <testcase classname="datadriven.exceldataprovider.datadriventestcase" name="testcasedata" time="0.008"/>
  <system-out/>
  <testcase classname="datadriven.exceldataprovider.datadriventestcase" name="testcasedata" time="0.014"/>
  <system-out/>
</testsuite> <!-- datadriven.exceldataprovider.datadriventestcase -->
